0 info it worked if it ends with ok
1 verbose cli [ '/usr/local/bin/node',
1 verbose cli   '/usr/local/bin/npm',
1 verbose cli   'install',
1 verbose cli   'bootstrap@3',
1 verbose cli   '--save' ]
2 info using npm@3.10.10
3 info using node@v7.3.0
4 verbose config Skipping project config: /home/dev/.npmrc. (matches userconfig)
5 silly loadCurrentTree Starting
6 silly install loadCurrentTree
7 silly install readLocalPackageData
8 silly fetchPackageMetaData bootstrap@3
9 silly fetchNamedPackageData bootstrap
10 silly mapToRegistry name bootstrap
11 silly mapToRegistry using default registry
12 silly mapToRegistry registry https://registry.npmjs.org/
13 silly mapToRegistry data Result {
13 silly mapToRegistry   raw: 'bootstrap',
13 silly mapToRegistry   scope: null,
13 silly mapToRegistry   escapedName: 'bootstrap',
13 silly mapToRegistry   name: 'bootstrap',
13 silly mapToRegistry   rawSpec: '',
13 silly mapToRegistry   spec: 'latest',
13 silly mapToRegistry   type: 'tag' }
14 silly mapToRegistry uri https://registry.npmjs.org/bootstrap
15 verbose request uri https://registry.npmjs.org/bootstrap
16 verbose request no auth needed
17 info attempt registry request try #1 at 12:57:50 PM
18 verbose request id f2f020ff48c1810f
19 verbose etag W/"586fd367-c50f"
20 verbose lastModified Fri, 06 Jan 2017 17:27:03 GMT
21 http request GET https://registry.npmjs.org/bootstrap
22 http 304 https://registry.npmjs.org/bootstrap
23 verbose headers { date: 'Sat, 07 Jan 2017 10:57:50 GMT',
23 verbose headers   via: '1.1 varnish',
23 verbose headers   'cache-control': 'max-age=300',
23 verbose headers   etag: 'W/"586fd367-c50f"',
23 verbose headers   age: '182',
23 verbose headers   connection: 'keep-alive',
23 verbose headers   'x-served-by': 'cache-hhn1522-HHN',
23 verbose headers   'x-cache': 'HIT',
23 verbose headers   'x-cache-hits': '1',
23 verbose headers   'x-timer': 'S1483786670.949895,VS0,VE0',
23 verbose headers   vary: 'Accept-Encoding' }
24 silly get cb [ 304,
24 silly get   { date: 'Sat, 07 Jan 2017 10:57:50 GMT',
24 silly get     via: '1.1 varnish',
24 silly get     'cache-control': 'max-age=300',
24 silly get     etag: 'W/"586fd367-c50f"',
24 silly get     age: '182',
24 silly get     connection: 'keep-alive',
24 silly get     'x-served-by': 'cache-hhn1522-HHN',
24 silly get     'x-cache': 'HIT',
24 silly get     'x-cache-hits': '1',
24 silly get     'x-timer': 'S1483786670.949895,VS0,VE0',
24 silly get     vary: 'Accept-Encoding' } ]
25 verbose etag https://registry.npmjs.org/bootstrap from cache
26 verbose get saving bootstrap to /home/dev/.npm/registry.npmjs.org/bootstrap/.cache.json
27 verbose correctMkdir /home/dev/.npm correctMkdir not in flight; initializing
28 silly install normalizeTree
29 silly loadCurrentTree Finishing
30 silly loadIdealTree Starting
31 silly install loadIdealTree
32 silly cloneCurrentTree Starting
33 silly install cloneCurrentTreeToIdealTree
34 silly cloneCurrentTree Finishing
35 silly loadShrinkwrap Starting
36 silly install loadShrinkwrap
37 silly loadShrinkwrap Finishing
38 silly loadAllDepsIntoIdealTree Starting
39 silly install loadAllDepsIntoIdealTree
40 silly resolveWithNewModule bootstrap@3.3.7 checking installable status
41 silly cache add args [ 'bootstrap@3', null ]
42 verbose cache add spec bootstrap@3
43 silly cache add parsed spec Result {
43 silly cache add   raw: 'bootstrap@3',
43 silly cache add   scope: null,
43 silly cache add   escapedName: 'bootstrap',
43 silly cache add   name: 'bootstrap',
43 silly cache add   rawSpec: '3',
43 silly cache add   spec: '>=3.0.0 <4.0.0',
43 silly cache add   type: 'range' }
44 silly addNamed bootstrap@>=3.0.0 <4.0.0
45 verbose addNamed ">=3.0.0 <4.0.0" is a valid semver range for bootstrap
46 silly addNameRange { name: 'bootstrap', range: '>=3.0.0 <4.0.0', hasData: false }
47 silly mapToRegistry name bootstrap
48 silly mapToRegistry using default registry
49 silly mapToRegistry registry https://registry.npmjs.org/
50 silly mapToRegistry data Result {
50 silly mapToRegistry   raw: 'bootstrap',
50 silly mapToRegistry   scope: null,
50 silly mapToRegistry   escapedName: 'bootstrap',
50 silly mapToRegistry   name: 'bootstrap',
50 silly mapToRegistry   rawSpec: '',
50 silly mapToRegistry   spec: 'latest',
50 silly mapToRegistry   type: 'tag' }
51 silly mapToRegistry uri https://registry.npmjs.org/bootstrap
52 verbose addNameRange registry:https://registry.npmjs.org/bootstrap not in flight; fetching
53 verbose get https://registry.npmjs.org/bootstrap not expired, no request
54 silly addNameRange number 2 { name: 'bootstrap', range: '>=3.0.0 <4.0.0', hasData: true }
55 silly addNameRange versions [ 'bootstrap',
55 silly addNameRange   [ '0.0.1',
55 silly addNameRange     '0.0.2',
55 silly addNameRange     '3.1.1',
55 silly addNameRange     '3.2.0',
55 silly addNameRange     '3.3.0',
55 silly addNameRange     '3.3.1',
55 silly addNameRange     '3.3.2',
55 silly addNameRange     '3.3.4',
55 silly addNameRange     '3.3.5',
55 silly addNameRange     '3.3.6',
55 silly addNameRange     '4.0.0-alpha.2',
55 silly addNameRange     '3.3.7',
55 silly addNameRange     '4.0.0-alpha.3',
55 silly addNameRange     '4.0.0-alpha.4',
55 silly addNameRange     '4.0.0-alpha.5',
55 silly addNameRange     '4.0.0-alpha.6' ] ]
56 silly addNamed bootstrap@3.3.7
57 verbose addNamed "3.3.7" is a plain semver version for bootstrap
58 silly cache afterAdd bootstrap@3.3.7
59 verbose afterAdd /home/dev/.npm/bootstrap/3.3.7/package/package.json not in flight; writing
60 verbose correctMkdir /home/dev/.npm correctMkdir not in flight; initializing
61 verbose afterAdd /home/dev/.npm/bootstrap/3.3.7/package/package.json written
62 silly loadAllDepsIntoIdealTree Finishing
63 silly loadIdealTree Finishing
64 silly currentTree dev
65 silly idealTree dev
65 silly idealTree └── bootstrap@3.3.7
66 silly generateActionsToTake Starting
67 silly install generateActionsToTake
68 warn checkPermissions Missing write access to /home/dev/node_modules
69 silly rollbackFailedOptional Starting
70 silly rollbackFailedOptional Finishing
71 silly runTopLevelLifecycles Finishing
72 silly install printInstalled
73 warn enoent ENOENT: no such file or directory, open '/home/dev/package.json'
74 verbose enoent ENOENT: no such file or directory, open '/home/dev/package.json'
74 verbose enoent This is most likely not a problem with npm itself
74 verbose enoent and is related to npm not being able to find a file.
75 warn dev No description
76 verbose If you need help, you may report this error at:
76 verbose     <https://github.com/npm/npm/issues>
77 warn dev No repository field.
78 verbose If you need help, you may report this error at:
78 verbose     <https://github.com/npm/npm/issues>
79 warn dev No README data
80 verbose If you need help, you may report this error at:
80 verbose     <https://github.com/npm/npm/issues>
81 warn dev No license field.
82 verbose If you need help, you may report this error at:
82 verbose     <https://github.com/npm/npm/issues>
83 verbose stack Error: EACCES: permission denied, access '/home/dev/node_modules'
84 verbose cwd /home/dev/projects/referenceBook
85 error Linux 4.4.0-58-generic
86 error argv "/usr/local/bin/node" "/usr/local/bin/npm" "install" "bootstrap@3" "--save"
87 error node v7.3.0
88 error npm  v3.10.10
89 error path /home/dev/node_modules
90 error code EACCES
91 error errno -13
92 error syscall access
93 error Error: EACCES: permission denied, access '/home/dev/node_modules'
93 error  { Error: EACCES: permission denied, access '/home/dev/node_modules'
93 error   errno: -13,
93 error   code: 'EACCES',
93 error   syscall: 'access',
93 error   path: '/home/dev/node_modules' }
94 error Please try running this command again as root/Administrator.
95 verbose exit [ -13, true ]
